[0.164s] DEBUG:colcon:Command line arguments: ['/usr/bin/colcon', 'build']
[0.164s] DEBUG:colcon:Parsed command line arguments: Namespace(log_base=None, log_level=None, verb_name='build', build_base='build', install_base='install', merge_install=False, symlink_install=False, test_result_base=None, continue_on_error=False, executor='parallel', parallel_workers=12, event_handlers=None, ignore_user_meta=False, metas=['./colcon.meta'], base_paths=['.'], packages_ignore=None, packages_ignore_regex=None, paths=None, packages_up_to=None, packages_up_to_regex=None, packages_above=None, packages_above_and_dependencies=None, packages_above_depth=None, packages_select_by_dep=None, packages_skip_by_dep=None, packages_skip_up_to=None, packages_select_build_failed=False, packages_skip_build_finished=False, packages_select_test_failures=False, packages_skip_test_passed=False, packages_select=None, packages_skip=None, packages_select_regex=None, packages_skip_regex=None, packages_start=None, packages_end=None, allow_overriding=[], cmake_args=None, cmake_target=None, cmake_target_skip_unavailable=False, cmake_clean_cache=False, cmake_clean_first=False, cmake_force_configure=False, ament_cmake_args=None, catkin_cmake_args=None, catkin_skip_building_tests=False, mixin_files=None, mixin=None, verb_parser=<colcon_mixin.mixin.mixin_argument.MixinArgumentDecorator object at 0xffff81fe2110>, verb_extension=<colcon_core.verb.build.BuildVerb object at 0xffff821a26e0>, main=<bound method BuildVerb.main of <colcon_core.verb.build.BuildVerb object at 0xffff821a26e0>>, mixin_verb=('build',))
[0.414s] Level 1:colcon.colcon_core.package_discovery:discover_packages(colcon_meta) check parameters
[0.415s] Level 1:colcon.colcon_core.package_discovery:discover_packages(recursive) check parameters
[0.415s] Level 1:colcon.colcon_core.package_discovery:discover_packages(ignore) check parameters
[0.415s] Level 1:colcon.colcon_core.package_discovery:discover_packages(path) check parameters
[0.415s] Level 1:colcon.colcon_core.package_discovery:discover_packages(colcon_meta) discover
[0.415s] Level 1:colcon.colcon_core.package_discovery:discover_packages(recursive) discover
[0.415s] INFO:colcon.colcon_core.package_discovery:Crawling recursively for packages in '/home/orin/is_ws'
[0.415s] Level 1:colcon.colcon_core.package_identification:_identify(.) by extensions ['ignore', 'ignore_ament_install']
[0.416s] Level 1:colcon.colcon_core.package_identification:_identify(.) by extension 'ignore'
[0.416s] Level 1:colcon.colcon_core.package_identification:_identify(.) by extension 'ignore_ament_install'
[0.416s] Level 1:colcon.colcon_core.package_identification:_identify(.) by extensions ['colcon_pkg']
[0.416s] Level 1:colcon.colcon_core.package_identification:_identify(.) by extension 'colcon_pkg'
[0.416s] Level 1:colcon.colcon_core.package_identification:_identify(.) by extensions ['colcon_meta']
[0.416s] Level 1:colcon.colcon_core.package_identification:_identify(.) by extension 'colcon_meta'
[0.416s] Level 1:colcon.colcon_core.package_identification:_identify(.) by extensions ['ros']
[0.416s] Level 1:colcon.colcon_core.package_identification:_identify(.) by extension 'ros'
[0.432s] Level 1:colcon.colcon_core.package_identification:_identify(.) by extensions ['cmake', 'python']
[0.432s] Level 1:colcon.colcon_core.package_identification:_identify(.) by extension 'cmake'
[0.432s] Level 1:colcon.colcon_core.package_identification:_identify(.) by extension 'python'
[0.432s] Level 1:colcon.colcon_core.package_identification:_identify(.) by extensions ['python_setup_py']
[0.433s] Level 1:colcon.colcon_core.package_identification:_identify(.) by extension 'python_setup_py'
[0.433s] Level 1:colcon.colcon_core.package_identification:_identify(build) by extensions ['ignore', 'ignore_ament_install']
[0.433s] Level 1:colcon.colcon_core.package_identification:_identify(build) by extension 'ignore'
[0.433s] Level 1:colcon.colcon_core.package_identification:_identify(build) ignored
[0.433s] Level 1:colcon.colcon_core.package_identification:_identify(install) by extensions ['ignore', 'ignore_ament_install']
[0.433s] Level 1:colcon.colcon_core.package_identification:_identify(install) by extension 'ignore'
[0.433s] Level 1:colcon.colcon_core.package_identification:_identify(install) ignored
[0.434s] Level 1:colcon.colcon_core.package_identification:_identify(log) by extensions ['ignore', 'ignore_ament_install']
[0.434s] Level 1:colcon.colcon_core.package_identification:_identify(log) by extension 'ignore'
[0.434s] Level 1:colcon.colcon_core.package_identification:_identify(log) ignored
[0.434s] Level 1:colcon.colcon_core.package_identification:_identify(src) by extensions ['ignore', 'ignore_ament_install']
[0.434s] Level 1:colcon.colcon_core.package_identification:_identify(src) by extension 'ignore'
[0.434s] Level 1:colcon.colcon_core.package_identification:_identify(src) by extension 'ignore_ament_install'
[0.434s] Level 1:colcon.colcon_core.package_identification:_identify(src) by extensions ['colcon_pkg']
[0.434s] Level 1:colcon.colcon_core.package_identification:_identify(src) by extension 'colcon_pkg'
[0.434s] Level 1:colcon.colcon_core.package_identification:_identify(src) by extensions ['colcon_meta']
[0.434s] Level 1:colcon.colcon_core.package_identification:_identify(src) by extension 'colcon_meta'
[0.434s] Level 1:colcon.colcon_core.package_identification:_identify(src) by extensions ['ros']
[0.435s] Level 1:colcon.colcon_core.package_identification:_identify(src) by extension 'ros'
[0.435s] Level 1:colcon.colcon_core.package_identification:_identify(src) by extensions ['cmake', 'python']
[0.435s] Level 1:colcon.colcon_core.package_identification:_identify(src) by extension 'cmake'
[0.435s] Level 1:colcon.colcon_core.package_identification:_identify(src) by extension 'python'
[0.435s] Level 1:colcon.colcon_core.package_identification:_identify(src) by extensions ['python_setup_py']
[0.435s] Level 1:colcon.colcon_core.package_identification:_identify(src) by extension 'python_setup_py'
[0.435s] Level 1:colcon.colcon_core.package_identification:_identify(src/cpp_pubsub) by extensions ['ignore', 'ignore_ament_install']
[0.435s] Level 1:colcon.colcon_core.package_identification:_identify(src/cpp_pubsub) by extension 'ignore'
[0.435s] Level 1:colcon.colcon_core.package_identification:_identify(src/cpp_pubsub) by extension 'ignore_ament_install'
[0.435s] Level 1:colcon.colcon_core.package_identification:_identify(src/cpp_pubsub) by extensions ['colcon_pkg']
[0.435s] Level 1:colcon.colcon_core.package_identification:_identify(src/cpp_pubsub) by extension 'colcon_pkg'
[0.435s] Level 1:colcon.colcon_core.package_identification:_identify(src/cpp_pubsub) by extensions ['colcon_meta']
[0.435s] Level 1:colcon.colcon_core.package_identification:_identify(src/cpp_pubsub) by extension 'colcon_meta'
[0.435s] Level 1:colcon.colcon_core.package_identification:_identify(src/cpp_pubsub) by extensions ['ros']
[0.436s] Level 1:colcon.colcon_core.package_identification:_identify(src/cpp_pubsub) by extension 'ros'
[0.439s] DEBUG:colcon.colcon_core.package_identification:Package 'src/cpp_pubsub' with type 'ros.ament_cmake' and name 'cpp_pubsub'
[0.439s] Level 1:colcon.colcon_core.package_identification:_identify(src/test) by extensions ['ignore', 'ignore_ament_install']
[0.440s] Level 1:colcon.colcon_core.package_identification:_identify(src/test) by extension 'ignore'
[0.440s] Level 1:colcon.colcon_core.package_identification:_identify(src/test) by extension 'ignore_ament_install'
[0.440s] Level 1:colcon.colcon_core.package_identification:_identify(src/test) by extensions ['colcon_pkg']
[0.440s] Level 1:colcon.colcon_core.package_identification:_identify(src/test) by extension 'colcon_pkg'
[0.440s] Level 1:colcon.colcon_core.package_identification:_identify(src/test) by extensions ['colcon_meta']
[0.440s] Level 1:colcon.colcon_core.package_identification:_identify(src/test) by extension 'colcon_meta'
[0.440s] Level 1:colcon.colcon_core.package_identification:_identify(src/test) by extensions ['ros']
[0.440s] Level 1:colcon.colcon_core.package_identification:_identify(src/test) by extension 'ros'
[0.441s] DEBUG:colcon.colcon_core.package_identification:Package 'src/test' with type 'ros.ament_cmake' and name 'test'
[0.441s] Level 1:colcon.colcon_core.package_discovery:discover_packages(recursive) using defaults
[0.441s] Level 1:colcon.colcon_core.package_discovery:discover_packages(ignore) discover
[0.441s] Level 1:colcon.colcon_core.package_discovery:discover_packages(ignore) using defaults
[0.441s] Level 1:colcon.colcon_core.package_discovery:discover_packages(path) discover
[0.441s] Level 1:colcon.colcon_core.package_discovery:discover_packages(path) using defaults
[0.497s] Level 1:colcon.colcon_core.package_discovery:discover_packages(prefix_path) check parameters
[0.497s] Level 1:colcon.colcon_core.package_discovery:discover_packages(prefix_path) discover
[0.500s] DEBUG:colcon.colcon_installed_package_information.package_discovery:Found 4 installed packages in /home/orin/scout_ws/install
[0.501s] DEBUG:colcon.colcon_installed_package_information.package_discovery:Found 2 installed packages in /home/orin/lidar_ws/install
[0.503s] DEBUG:colcon.colcon_installed_package_information.package_discovery:Found 318 installed packages in /opt/ros/humble
[0.505s] Level 1:colcon.colcon_core.package_discovery:discover_packages(prefix_path) using defaults
[0.566s] Level 5:colcon.colcon_core.verb:set package 'cpp_pubsub' build argument 'cmake_args' from command line to 'None'
[0.566s] Level 5:colcon.colcon_core.verb:set package 'cpp_pubsub' build argument 'cmake_target' from command line to 'None'
[0.566s] Level 5:colcon.colcon_core.verb:set package 'cpp_pubsub' build argument 'cmake_target_skip_unavailable' from command line to 'False'
[0.566s] Level 5:colcon.colcon_core.verb:set package 'cpp_pubsub' build argument 'cmake_clean_cache' from command line to 'False'
[0.566s] Level 5:colcon.colcon_core.verb:set package 'cpp_pubsub' build argument 'cmake_clean_first' from command line to 'False'
[0.566s] Level 5:colcon.colcon_core.verb:set package 'cpp_pubsub' build argument 'cmake_force_configure' from command line to 'False'
[0.566s] Level 5:colcon.colcon_core.verb:set package 'cpp_pubsub' build argument 'ament_cmake_args' from command line to 'None'
[0.566s] Level 5:colcon.colcon_core.verb:set package 'cpp_pubsub' build argument 'catkin_cmake_args' from command line to 'None'
[0.566s] Level 5:colcon.colcon_core.verb:set package 'cpp_pubsub' build argument 'catkin_skip_building_tests' from command line to 'False'
[0.567s] DEBUG:colcon.colcon_core.verb:Building package 'cpp_pubsub' with the following arguments: {'ament_cmake_args': None, 'build_base': '/home/orin/is_ws/build/cpp_pubsub', 'catkin_cmake_args': None, 'catkin_skip_building_tests': False, 'cmake_args': None, 'cmake_clean_cache': False, 'cmake_clean_first': False, 'cmake_force_configure': False, 'cmake_target': None, 'cmake_target_skip_unavailable': False, 'install_base': '/home/orin/is_ws/install/cpp_pubsub', 'merge_install': False, 'path': '/home/orin/is_ws/src/cpp_pubsub', 'symlink_install': False, 'test_result_base': None}
[0.567s] Level 5:colcon.colcon_core.verb:set package 'test' build argument 'cmake_args' from command line to 'None'
[0.567s] Level 5:colcon.colcon_core.verb:set package 'test' build argument 'cmake_target' from command line to 'None'
[0.567s] Level 5:colcon.colcon_core.verb:set package 'test' build argument 'cmake_target_skip_unavailable' from command line to 'False'
[0.567s] Level 5:colcon.colcon_core.verb:set package 'test' build argument 'cmake_clean_cache' from command line to 'False'
[0.567s] Level 5:colcon.colcon_core.verb:set package 'test' build argument 'cmake_clean_first' from command line to 'False'
[0.567s] Level 5:colcon.colcon_core.verb:set package 'test' build argument 'cmake_force_configure' from command line to 'False'
[0.567s] Level 5:colcon.colcon_core.verb:set package 'test' build argument 'ament_cmake_args' from command line to 'None'
[0.567s] Level 5:colcon.colcon_core.verb:set package 'test' build argument 'catkin_cmake_args' from command line to 'None'
[0.567s] Level 5:colcon.colcon_core.verb:set package 'test' build argument 'catkin_skip_building_tests' from command line to 'False'
[0.567s] DEBUG:colcon.colcon_core.verb:Building package 'test' with the following arguments: {'ament_cmake_args': None, 'build_base': '/home/orin/is_ws/build/test', 'catkin_cmake_args': None, 'catkin_skip_building_tests': False, 'cmake_args': None, 'cmake_clean_cache': False, 'cmake_clean_first': False, 'cmake_force_configure': False, 'cmake_target': None, 'cmake_target_skip_unavailable': False, 'install_base': '/home/orin/is_ws/install/test', 'merge_install': False, 'path': '/home/orin/is_ws/src/test', 'symlink_install': False, 'test_result_base': None}
[0.568s] INFO:colcon.colcon_core.executor:Executing jobs using 'parallel' executor
[0.570s] DEBUG:colcon.colcon_parallel_executor.executor.parallel:run_until_complete
[0.570s] INFO:colcon.colcon_ros.task.ament_cmake.build:Building ROS package in '/home/orin/is_ws/src/cpp_pubsub' with build type 'ament_cmake'
[0.570s] INFO:colcon.colcon_cmake.task.cmake.build:Building CMake package in '/home/orin/is_ws/src/cpp_pubsub'
[0.574s] INFO:colcon.colcon_core.plugin_system:Skipping extension 'colcon_core.shell.bat': Not used on non-Windows systems
[0.574s] INFO:colcon.colcon_core.shell:Skip shell extension 'powershell' for command environment: Not usable outside of PowerShell
[0.574s] DEBUG:colcon.colcon_core.shell:Skip shell extension 'dsv' for command environment
[0.580s] INFO:colcon.colcon_ros.task.ament_cmake.build:Building ROS package in '/home/orin/is_ws/src/test' with build type 'ament_cmake'
[0.581s] INFO:colcon.colcon_cmake.task.cmake.build:Building CMake package in '/home/orin/is_ws/src/test'
[0.581s] INFO:colcon.colcon_core.shell:Skip shell extension 'powershell' for command environment: Not usable outside of PowerShell
[0.581s] DEBUG:colcon.colcon_core.shell:Skip shell extension 'dsv' for command environment
[0.594s] DEBUG:colcon.colcon_core.event_handler.log_command:Invoking command in '/home/orin/is_ws/build/cpp_pubsub': CMAKE_PREFIX_PATH=/home/orin/scout_ws/install/scout_base:/opt/ros/humble:/home/orin/scout_ws/install/ugv_sdk:/home/orin/scout_ws/install/scout_msgs:/home/orin/scout_ws/install/scout_description:/home/orin/lidar_ws/install/rslidar_sdk:/home/orin/lidar_ws/install/rslidar_msg /usr/bin/cmake /home/orin/is_ws/src/cpp_pubsub -DCMAKE_INSTALL_PREFIX=/home/orin/is_ws/install/cpp_pubsub
[0.600s] DEBUG:colcon.colcon_core.event_handler.log_command:Invoking command in '/home/orin/is_ws/build/test': CMAKE_PREFIX_PATH=/home/orin/scout_ws/install/scout_base:/opt/ros/humble:/home/orin/scout_ws/install/ugv_sdk:/home/orin/scout_ws/install/scout_msgs:/home/orin/scout_ws/install/scout_description:/home/orin/lidar_ws/install/rslidar_sdk:/home/orin/lidar_ws/install/rslidar_msg /usr/bin/cmake /home/orin/is_ws/src/test -DCMAKE_INSTALL_PREFIX=/home/orin/is_ws/install/test
[1.744s] DEBUG:colcon.colcon_core.event_handler.log_command:Invoked command in '/home/orin/is_ws/build/test' returned '0': CMAKE_PREFIX_PATH=/home/orin/scout_ws/install/scout_base:/opt/ros/humble:/home/orin/scout_ws/install/ugv_sdk:/home/orin/scout_ws/install/scout_msgs:/home/orin/scout_ws/install/scout_description:/home/orin/lidar_ws/install/rslidar_sdk:/home/orin/lidar_ws/install/rslidar_msg /usr/bin/cmake /home/orin/is_ws/src/test -DCMAKE_INSTALL_PREFIX=/home/orin/is_ws/install/test
[1.747s] DEBUG:colcon.colcon_core.event_handler.log_command:Invoking command in '/home/orin/is_ws/build/test': CMAKE_PREFIX_PATH=/home/orin/scout_ws/install/scout_base:/opt/ros/humble:/home/orin/scout_ws/install/ugv_sdk:/home/orin/scout_ws/install/scout_msgs:/home/orin/scout_ws/install/scout_description:/home/orin/lidar_ws/install/rslidar_sdk:/home/orin/lidar_ws/install/rslidar_msg /usr/bin/cmake --build /home/orin/is_ws/build/test -- -j12 -l12
[1.819s] DEBUG:colcon.colcon_core.event_handler.log_command:Invoked command in '/home/orin/is_ws/build/test' returned '0': CMAKE_PREFIX_PATH=/home/orin/scout_ws/install/scout_base:/opt/ros/humble:/home/orin/scout_ws/install/ugv_sdk:/home/orin/scout_ws/install/scout_msgs:/home/orin/scout_ws/install/scout_description:/home/orin/lidar_ws/install/rslidar_sdk:/home/orin/lidar_ws/install/rslidar_msg /usr/bin/cmake --build /home/orin/is_ws/build/test -- -j12 -l12
[1.868s] DEBUG:colcon.colcon_core.event_handler.log_command:Invoking command in '/home/orin/is_ws/build/test': CMAKE_PREFIX_PATH=/home/orin/scout_ws/install/scout_base:/opt/ros/humble:/home/orin/scout_ws/install/ugv_sdk:/home/orin/scout_ws/install/scout_msgs:/home/orin/scout_ws/install/scout_description:/home/orin/lidar_ws/install/rslidar_sdk:/home/orin/lidar_ws/install/rslidar_msg /usr/bin/cmake --install /home/orin/is_ws/build/test
[1.888s] Level 1:colcon.colcon_core.environment:create_environment_scripts_only(test)
[1.890s] DEBUG:colcon.colcon_core.event_handler.log_command:Invoked command in '/home/orin/is_ws/build/test' returned '0': CMAKE_PREFIX_PATH=/home/orin/scout_ws/install/scout_base:/opt/ros/humble:/home/orin/scout_ws/install/ugv_sdk:/home/orin/scout_ws/install/scout_msgs:/home/orin/scout_ws/install/scout_description:/home/orin/lidar_ws/install/rslidar_sdk:/home/orin/lidar_ws/install/rslidar_msg /usr/bin/cmake --install /home/orin/is_ws/build/test
[1.898s] Level 1:colcon.colcon_core.environment:checking '/home/orin/is_ws/install/test' for CMake module files
[1.899s] Level 1:colcon.colcon_core.environment:checking '/home/orin/is_ws/install/test' for CMake config files
[1.900s] Level 1:colcon.colcon_core.shell:create_environment_hook('test', 'cmake_prefix_path')
[1.901s] INFO:colcon.colcon_core.shell:Creating environment hook '/home/orin/is_ws/install/test/share/test/hook/cmake_prefix_path.ps1'
[1.903s] INFO:colcon.colcon_core.shell:Creating environment descriptor '/home/orin/is_ws/install/test/share/test/hook/cmake_prefix_path.dsv'
[1.905s] INFO:colcon.colcon_core.shell:Creating environment hook '/home/orin/is_ws/install/test/share/test/hook/cmake_prefix_path.sh'
[1.908s] Level 1:colcon.colcon_core.environment:checking '/home/orin/is_ws/install/test/bin'
[1.908s] Level 1:colcon.colcon_core.environment:checking '/home/orin/is_ws/install/test/lib/pkgconfig/test.pc'
[1.909s] Level 1:colcon.colcon_core.environment:checking '/home/orin/is_ws/install/test/lib/python3.10/site-packages'
[1.910s] Level 1:colcon.colcon_core.environment:checking '/home/orin/is_ws/install/test/bin'
[1.911s] INFO:colcon.colcon_core.shell:Creating package script '/home/orin/is_ws/install/test/share/test/package.ps1'
[1.912s] INFO:colcon.colcon_core.shell:Creating package descriptor '/home/orin/is_ws/install/test/share/test/package.dsv'
[1.913s] INFO:colcon.colcon_core.shell:Creating package script '/home/orin/is_ws/install/test/share/test/package.sh'
[1.915s] INFO:colcon.colcon_core.shell:Creating package script '/home/orin/is_ws/install/test/share/test/package.bash'
[1.917s] INFO:colcon.colcon_core.shell:Creating package script '/home/orin/is_ws/install/test/share/test/package.zsh'
[1.918s] Level 1:colcon.colcon_core.environment:create_file_with_runtime_dependencies(/home/orin/is_ws/install/test/share/colcon-core/packages/test)
[1.954s] Level 1:colcon.colcon_core.environment:create_environment_scripts_only(test)
[1.954s] Level 1:colcon.colcon_core.environment:checking '/home/orin/is_ws/install/test' for CMake module files
[1.955s] Level 1:colcon.colcon_core.environment:checking '/home/orin/is_ws/install/test' for CMake config files
[1.955s] Level 1:colcon.colcon_core.shell:create_environment_hook('test', 'cmake_prefix_path')
[1.956s] INFO:colcon.colcon_core.shell:Creating environment hook '/home/orin/is_ws/install/test/share/test/hook/cmake_prefix_path.ps1'
[1.957s] INFO:colcon.colcon_core.shell:Creating environment descriptor '/home/orin/is_ws/install/test/share/test/hook/cmake_prefix_path.dsv'
[1.957s] INFO:colcon.colcon_core.shell:Creating environment hook '/home/orin/is_ws/install/test/share/test/hook/cmake_prefix_path.sh'
[1.959s] Level 1:colcon.colcon_core.environment:checking '/home/orin/is_ws/install/test/bin'
[1.959s] Level 1:colcon.colcon_core.environment:checking '/home/orin/is_ws/install/test/lib/pkgconfig/test.pc'
[1.960s] Level 1:colcon.colcon_core.environment:checking '/home/orin/is_ws/install/test/lib/python3.10/site-packages'
[1.960s] Level 1:colcon.colcon_core.environment:checking '/home/orin/is_ws/install/test/bin'
[1.961s] INFO:colcon.colcon_core.shell:Creating package script '/home/orin/is_ws/install/test/share/test/package.ps1'
[1.963s] INFO:colcon.colcon_core.shell:Creating package descriptor '/home/orin/is_ws/install/test/share/test/package.dsv'
[1.965s] INFO:colcon.colcon_core.shell:Creating package script '/home/orin/is_ws/install/test/share/test/package.sh'
[1.966s] INFO:colcon.colcon_core.shell:Creating package script '/home/orin/is_ws/install/test/share/test/package.bash'
[1.968s] INFO:colcon.colcon_core.shell:Creating package script '/home/orin/is_ws/install/test/share/test/package.zsh'
[1.969s] Level 1:colcon.colcon_core.environment:create_file_with_runtime_dependencies(/home/orin/is_ws/install/test/share/colcon-core/packages/test)
[2.438s] DEBUG:colcon.colcon_core.event_handler.log_command:Invoked command in '/home/orin/is_ws/build/cpp_pubsub' returned '0': CMAKE_PREFIX_PATH=/home/orin/scout_ws/install/scout_base:/opt/ros/humble:/home/orin/scout_ws/install/ugv_sdk:/home/orin/scout_ws/install/scout_msgs:/home/orin/scout_ws/install/scout_description:/home/orin/lidar_ws/install/rslidar_sdk:/home/orin/lidar_ws/install/rslidar_msg /usr/bin/cmake /home/orin/is_ws/src/cpp_pubsub -DCMAKE_INSTALL_PREFIX=/home/orin/is_ws/install/cpp_pubsub
[2.442s] DEBUG:colcon.colcon_core.event_handler.log_command:Invoking command in '/home/orin/is_ws/build/cpp_pubsub': CMAKE_PREFIX_PATH=/home/orin/scout_ws/install/scout_base:/opt/ros/humble:/home/orin/scout_ws/install/ugv_sdk:/home/orin/scout_ws/install/scout_msgs:/home/orin/scout_ws/install/scout_description:/home/orin/lidar_ws/install/rslidar_sdk:/home/orin/lidar_ws/install/rslidar_msg /usr/bin/cmake --build /home/orin/is_ws/build/cpp_pubsub -- -j12 -l12
[14.978s] DEBUG:colcon.colcon_core.event_handler.log_command:Invoked command in '/home/orin/is_ws/build/cpp_pubsub' returned '0': CMAKE_PREFIX_PATH=/home/orin/scout_ws/install/scout_base:/opt/ros/humble:/home/orin/scout_ws/install/ugv_sdk:/home/orin/scout_ws/install/scout_msgs:/home/orin/scout_ws/install/scout_description:/home/orin/lidar_ws/install/rslidar_sdk:/home/orin/lidar_ws/install/rslidar_msg /usr/bin/cmake --build /home/orin/is_ws/build/cpp_pubsub -- -j12 -l12
[15.452s] DEBUG:colcon.colcon_core.event_handler.log_command:Invoking command in '/home/orin/is_ws/build/cpp_pubsub': CMAKE_PREFIX_PATH=/home/orin/scout_ws/install/scout_base:/opt/ros/humble:/home/orin/scout_ws/install/ugv_sdk:/home/orin/scout_ws/install/scout_msgs:/home/orin/scout_ws/install/scout_description:/home/orin/lidar_ws/install/rslidar_sdk:/home/orin/lidar_ws/install/rslidar_msg /usr/bin/cmake --install /home/orin/is_ws/build/cpp_pubsub
[15.485s] Level 1:colcon.colcon_core.environment:create_environment_scripts_only(cpp_pubsub)
[15.486s] Level 1:colcon.colcon_core.environment:checking '/home/orin/is_ws/install/cpp_pubsub' for CMake module files
[15.487s] DEBUG:colcon.colcon_core.event_handler.log_command:Invoked command in '/home/orin/is_ws/build/cpp_pubsub' returned '0': CMAKE_PREFIX_PATH=/home/orin/scout_ws/install/scout_base:/opt/ros/humble:/home/orin/scout_ws/install/ugv_sdk:/home/orin/scout_ws/install/scout_msgs:/home/orin/scout_ws/install/scout_description:/home/orin/lidar_ws/install/rslidar_sdk:/home/orin/lidar_ws/install/rslidar_msg /usr/bin/cmake --install /home/orin/is_ws/build/cpp_pubsub
[15.488s] Level 1:colcon.colcon_core.environment:checking '/home/orin/is_ws/install/cpp_pubsub' for CMake config files
[15.489s] Level 1:colcon.colcon_core.shell:create_environment_hook('cpp_pubsub', 'cmake_prefix_path')
[15.490s] INFO:colcon.colcon_core.shell:Creating environment hook '/home/orin/is_ws/install/cpp_pubsub/share/cpp_pubsub/hook/cmake_prefix_path.ps1'
[15.492s] INFO:colcon.colcon_core.shell:Creating environment descriptor '/home/orin/is_ws/install/cpp_pubsub/share/cpp_pubsub/hook/cmake_prefix_path.dsv'
[15.493s] INFO:colcon.colcon_core.shell:Creating environment hook '/home/orin/is_ws/install/cpp_pubsub/share/cpp_pubsub/hook/cmake_prefix_path.sh'
[15.495s] Level 1:colcon.colcon_core.environment:checking '/home/orin/is_ws/install/cpp_pubsub/lib'
[15.496s] Level 1:colcon.colcon_core.environment:checking '/home/orin/is_ws/install/cpp_pubsub/bin'
[15.496s] Level 1:colcon.colcon_core.environment:checking '/home/orin/is_ws/install/cpp_pubsub/lib/pkgconfig/cpp_pubsub.pc'
[15.497s] Level 1:colcon.colcon_core.environment:checking '/home/orin/is_ws/install/cpp_pubsub/lib/python3.10/site-packages'
[15.498s] Level 1:colcon.colcon_core.environment:checking '/home/orin/is_ws/install/cpp_pubsub/bin'
[15.499s] INFO:colcon.colcon_core.shell:Creating package script '/home/orin/is_ws/install/cpp_pubsub/share/cpp_pubsub/package.ps1'
[15.500s] INFO:colcon.colcon_core.shell:Creating package descriptor '/home/orin/is_ws/install/cpp_pubsub/share/cpp_pubsub/package.dsv'
[15.502s] INFO:colcon.colcon_core.shell:Creating package script '/home/orin/is_ws/install/cpp_pubsub/share/cpp_pubsub/package.sh'
[15.503s] INFO:colcon.colcon_core.shell:Creating package script '/home/orin/is_ws/install/cpp_pubsub/share/cpp_pubsub/package.bash'
[15.504s] INFO:colcon.colcon_core.shell:Creating package script '/home/orin/is_ws/install/cpp_pubsub/share/cpp_pubsub/package.zsh'
[15.505s] Level 1:colcon.colcon_core.environment:create_file_with_runtime_dependencies(/home/orin/is_ws/install/cpp_pubsub/share/colcon-core/packages/cpp_pubsub)
[15.980s] Level 1:colcon.colcon_core.environment:create_environment_scripts_only(cpp_pubsub)
[15.981s] Level 1:colcon.colcon_core.environment:checking '/home/orin/is_ws/install/cpp_pubsub' for CMake module files
[15.982s] Level 1:colcon.colcon_core.environment:checking '/home/orin/is_ws/install/cpp_pubsub' for CMake config files
[15.983s] Level 1:colcon.colcon_core.shell:create_environment_hook('cpp_pubsub', 'cmake_prefix_path')
[15.984s] INFO:colcon.colcon_core.shell:Creating environment hook '/home/orin/is_ws/install/cpp_pubsub/share/cpp_pubsub/hook/cmake_prefix_path.ps1'
[15.986s] INFO:colcon.colcon_core.shell:Creating environment descriptor '/home/orin/is_ws/install/cpp_pubsub/share/cpp_pubsub/hook/cmake_prefix_path.dsv'
[15.987s] INFO:colcon.colcon_core.shell:Creating environment hook '/home/orin/is_ws/install/cpp_pubsub/share/cpp_pubsub/hook/cmake_prefix_path.sh'
[15.989s] Level 1:colcon.colcon_core.environment:checking '/home/orin/is_ws/install/cpp_pubsub/lib'
[15.990s] Level 1:colcon.colcon_core.environment:checking '/home/orin/is_ws/install/cpp_pubsub/bin'
[15.990s] Level 1:colcon.colcon_core.environment:checking '/home/orin/is_ws/install/cpp_pubsub/lib/pkgconfig/cpp_pubsub.pc'
[15.991s] Level 1:colcon.colcon_core.environment:checking '/home/orin/is_ws/install/cpp_pubsub/lib/python3.10/site-packages'
[15.991s] Level 1:colcon.colcon_core.environment:checking '/home/orin/is_ws/install/cpp_pubsub/bin'
[15.992s] INFO:colcon.colcon_core.shell:Creating package script '/home/orin/is_ws/install/cpp_pubsub/share/cpp_pubsub/package.ps1'
[15.994s] INFO:colcon.colcon_core.shell:Creating package descriptor '/home/orin/is_ws/install/cpp_pubsub/share/cpp_pubsub/package.dsv'
[15.996s] INFO:colcon.colcon_core.shell:Creating package script '/home/orin/is_ws/install/cpp_pubsub/share/cpp_pubsub/package.sh'
[15.997s] INFO:colcon.colcon_core.shell:Creating package script '/home/orin/is_ws/install/cpp_pubsub/share/cpp_pubsub/package.bash'
[15.999s] INFO:colcon.colcon_core.shell:Creating package script '/home/orin/is_ws/install/cpp_pubsub/share/cpp_pubsub/package.zsh'
[16.000s] Level 1:colcon.colcon_core.environment:create_file_with_runtime_dependencies(/home/orin/is_ws/install/cpp_pubsub/share/colcon-core/packages/cpp_pubsub)
[16.001s] DEBUG:colcon.colcon_parallel_executor.executor.parallel:closing loop
[16.002s] DEBUG:colcon.colcon_parallel_executor.executor.parallel:loop closed
[16.003s] DEBUG:colcon.colcon_parallel_executor.executor.parallel:run_until_complete finished with '0'
[16.003s] DEBUG:colcon.colcon_core.event_reactor:joining thread
[16.021s] INFO:colcon.colcon_core.plugin_system:Skipping extension 'colcon_notification.desktop_notification.terminal_notifier': Not used on non-Darwin systems
[16.021s] INFO:colcon.colcon_core.plugin_system:Skipping extension 'colcon_notification.desktop_notification.win32': Not used on non-Windows systems
[16.021s] INFO:colcon.colcon_notification.desktop_notification:Sending desktop notification using 'notify2'
[16.066s] DEBUG:colcon.colcon_core.event_reactor:joined thread
[16.067s] INFO:colcon.colcon_core.shell:Creating prefix script '/home/orin/is_ws/install/local_setup.ps1'
[16.071s] INFO:colcon.colcon_core.shell:Creating prefix util module '/home/orin/is_ws/install/_local_setup_util_ps1.py'
[16.077s] INFO:colcon.colcon_core.shell:Creating prefix chain script '/home/orin/is_ws/install/setup.ps1'
[16.081s] INFO:colcon.colcon_core.shell:Creating prefix script '/home/orin/is_ws/install/local_setup.sh'
[16.083s] INFO:colcon.colcon_core.shell:Creating prefix util module '/home/orin/is_ws/install/_local_setup_util_sh.py'
[16.085s] INFO:colcon.colcon_core.shell:Creating prefix chain script '/home/orin/is_ws/install/setup.sh'
[16.090s] INFO:colcon.colcon_core.shell:Creating prefix script '/home/orin/is_ws/install/local_setup.bash'
[16.091s] INFO:colcon.colcon_core.shell:Creating prefix chain script '/home/orin/is_ws/install/setup.bash'
[16.096s] INFO:colcon.colcon_core.shell:Creating prefix script '/home/orin/is_ws/install/local_setup.zsh'
[16.097s] INFO:colcon.colcon_core.shell:Creating prefix chain script '/home/orin/is_ws/install/setup.zsh'
