-- The C compiler identification is GNU 11.4.0
-- The CXX compiler identification is GNU 11.4.0
-- Detecting C compiler ABI info
-- Detecting C compiler ABI info - done
-- Check for working C compiler: /usr/bin/cc - skipped
-- Detecting C compile features
-- Detecting C compile features - done
-- Detecting CXX compiler ABI info
-- Detecting CXX compiler ABI info - done
-- Check for working CXX compiler: /usr/bin/c++ - skipped
-- Detecting CXX compile features
-- Detecting CXX compile features - done
-- Found ament_cmake: 1.3.10 (/opt/ros/humble/share/ament_cmake/cmake)
-- Found Python3: /usr/bin/python3 (found version "3.10.12") found components: Interpreter 
-- Found rclcpp: 16.0.10 (/opt/ros/humble/share/rclcpp/cmake)
-- Found rosidl_generator_c: 3.1.5 (/opt/ros/humble/share/rosidl_generator_c/cmake)
-- Found rosidl_adapter: 3.1.5 (/opt/ros/humble/share/rosidl_adapter/cmake)
-- Found rosidl_generator_cpp: 3.1.5 (/opt/ros/humble/share/rosidl_generator_cpp/cmake)
-- Using all available rosidl_typesupport_c: rosidl_typesupport_fastrtps_c;rosidl_typesupport_introspection_c
-- Using all available rosidl_typesupport_cpp: rosidl_typesupport_fastrtps_cpp;rosidl_typesupport_introspection_cpp
-- Found rmw_implementation_cmake: 6.1.2 (/opt/ros/humble/share/rmw_implementation_cmake/cmake)
-- Found rmw_cyclonedds_cpp: 1.3.4 (/opt/ros/humble/share/rmw_cyclonedds_cpp/cmake)
-- Using RMW implementation 'rmw_cyclonedds_cpp' as default
-- Looking for pthread.h
-- Looking for pthread.h - found
-- Performing Test CMAKE_HAVE_LIBC_PTHREAD
-- Performing Test CMAKE_HAVE_LIBC_PTHREAD - Success
-- Found Threads: TRUE  
-- Found sensor_msgs: 4.2.4 (/opt/ros/humble/share/sensor_msgs/cmake)
-- Found ament_lint_auto: 0.12.11 (/opt/ros/humble/share/ament_lint_auto/cmake)
-- Added test 'cppcheck' to perform static code analysis on C / C++ code
-- Configured cppcheck include dirs: /home/orin/is_ws/src/cpp_pubsub/cpp_pubsub;/home/orin/is_ws/src/cpp_pubsub/PUBLIC
-- Configured cppcheck exclude dirs and/or files: 
-- Added test 'lint_cmake' to check CMake code style
-- Added test 'uncrustify' to check C / C++ code style
-- Configured uncrustify additional arguments: 
-- Added test 'xmllint' to check XML markup files
-- Configuring done
-- Generating done
-- Build files have been written to: /home/orin/is_ws/build/cpp_pubsub
[  2%] [32mBuilding CXX object CMakeFiles/talker.dir/home/orin/inertial-sense-sdk/src/DataCSV.cpp.o[0m
[  6%] [32mBuilding CXX object CMakeFiles/talker.dir/home/orin/inertial-sense-sdk/src/DataKML.cpp.o[0m
[  8%] [32mBuilding CXX object CMakeFiles/talker.dir/home/orin/inertial-sense-sdk/src/DataChunkSorted.cpp.o[0m
[  8%] [32mBuilding C object CMakeFiles/talker.dir/home/orin/inertial-sense-sdk/hw-libs/bootloader/bootloaderShared.c.o[0m
[  8%] [32mBuilding CXX object CMakeFiles/talker.dir/home/orin/inertial-sense-sdk/src/DataJSON.cpp.o[0m
[  8%] [32mBuilding CXX object CMakeFiles/talker.dir/home/orin/inertial-sense-sdk/src/DeviceLog.cpp.o[0m
[  2%] [32mBuilding CXX object CMakeFiles/talker.dir/src/publisher_member_function.cpp.o[0m
[  8%] [32mBuilding CXX object CMakeFiles/talker.dir/home/orin/inertial-sense-sdk/src/DeviceLogCSV.cpp.o[0m
[  8%] [32mBuilding CXX object CMakeFiles/talker.dir/home/orin/inertial-sense-sdk/src/DataChunk.cpp.o[0m
[ 10%] [32mBuilding CXX object CMakeFiles/talker.dir/home/orin/inertial-sense-sdk/src/DeviceLogKML.cpp.o[0m
[ 10%] [32mBuilding CXX object CMakeFiles/talker.dir/home/orin/inertial-sense-sdk/src/DeviceLogJSON.cpp.o[0m
[ 11%] [32mBuilding CXX object CMakeFiles/talker.dir/home/orin/inertial-sense-sdk/src/DeviceLogSerial.cpp.o[0m
[ 12%] [32mBuilding CXX object CMakeFiles/talker.dir/home/orin/inertial-sense-sdk/src/DeviceLogSorted.cpp.o[0m
[ 13%] [32mBuilding CXX object CMakeFiles/talker.dir/home/orin/inertial-sense-sdk/src/ISBootloaderAPP.cpp.o[0m
[ 14%] [32mBuilding CXX object CMakeFiles/talker.dir/home/orin/inertial-sense-sdk/src/ISBootloaderBase.cpp.o[0m
[ 15%] [32mBuilding CXX object CMakeFiles/talker.dir/home/orin/inertial-sense-sdk/src/ISBootloaderDFU.cpp.o[0m
[ 16%] [32mBuilding CXX object CMakeFiles/talker.dir/home/orin/inertial-sense-sdk/src/ISBootloaderISB.cpp.o[0m
[ 17%] [32mBuilding CXX object CMakeFiles/talker.dir/home/orin/inertial-sense-sdk/src/ISBootloaderSAMBA.cpp.o[0m
[ 18%] [32mBuilding CXX object CMakeFiles/talker.dir/home/orin/inertial-sense-sdk/src/ISBootloaderThread.cpp.o[0m
[ 19%] [32mBuilding CXX object CMakeFiles/talker.dir/home/orin/inertial-sense-sdk/src/ISClient.cpp.o[0m
[ 20%] [32mBuilding C object CMakeFiles/talker.dir/home/orin/inertial-sense-sdk/src/ISComm.c.o[0m
[ 21%] [32mBuilding CXX object CMakeFiles/talker.dir/home/orin/inertial-sense-sdk/src/ISCommDataBuffer.cpp.o[0m
[ 22%] [32mBuilding CXX object CMakeFiles/talker.dir/home/orin/inertial-sense-sdk/src/ISDataMappings.cpp.o[0m
[ 23%] [32mBuilding CXX object CMakeFiles/talker.dir/home/orin/inertial-sense-sdk/src/ISDisplay.cpp.o[0m
[ 24%] [32mBuilding C object CMakeFiles/talker.dir/home/orin/inertial-sense-sdk/src/ISEarth.c.o[0m
[ 25%] [32mBuilding CXX object CMakeFiles/talker.dir/home/orin/inertial-sense-sdk/src/ISFileManager.cpp.o[0m
[ 26%] [32mBuilding CXX object CMakeFiles/talker.dir/home/orin/inertial-sense-sdk/src/ISGnss.cpp.o[0m
[ 27%] [32mBuilding CXX object CMakeFiles/talker.dir/home/orin/inertial-sense-sdk/src/ISLogFile.cpp.o[0m
[ 28%] [32mBuilding CXX object CMakeFiles/talker.dir/home/orin/inertial-sense-sdk/src/ISLogStats.cpp.o[0m
[ 29%] [32mBuilding CXX object CMakeFiles/talker.dir/home/orin/inertial-sense-sdk/src/ISLogger.cpp.o[0m
[ 30%] [32mBuilding C object CMakeFiles/talker.dir/home/orin/inertial-sense-sdk/src/ISMatrix.c.o[0m
[ 31%] [32mBuilding C object CMakeFiles/talker.dir/home/orin/inertial-sense-sdk/src/ISPolynomial.c.o[0m
[ 32%] [32mBuilding C object CMakeFiles/talker.dir/home/orin/inertial-sense-sdk/src/ISPose.c.o[0m
[ 33%] [32mBuilding CXX object CMakeFiles/talker.dir/home/orin/inertial-sense-sdk/src/ISSerialPort.cpp.o[0m
[ 34%] [32mBuilding CXX object CMakeFiles/talker.dir/home/orin/inertial-sense-sdk/src/ISStream.cpp.o[0m
[ 35%] [32mBuilding CXX object CMakeFiles/talker.dir/home/orin/inertial-sense-sdk/src/ISTcpClient.cpp.o[0m
[ 36%] [32mBuilding CXX object CMakeFiles/talker.dir/home/orin/inertial-sense-sdk/src/ISTcpServer.cpp.o[0m
[ 37%] [32mBuilding CXX object CMakeFiles/talker.dir/home/orin/inertial-sense-sdk/src/ISUtilities.cpp.o[0m
[ 38%] [32mBuilding CXX object CMakeFiles/talker.dir/home/orin/inertial-sense-sdk/src/InertialSense.cpp.o[0m
[ 39%] [32mBuilding CXX object CMakeFiles/talker.dir/home/orin/inertial-sense-sdk/src/cltool.cpp.o[0m
[ 40%] [32mBuilding CXX object CMakeFiles/talker.dir/home/orin/inertial-sense-sdk/src/cltool_main.cpp.o[0m
[ 41%] [32mBuilding C object CMakeFiles/talker.dir/home/orin/inertial-sense-sdk/src/com_manager.c.o[0m
[ 42%] [32mBuilding CXX object CMakeFiles/talker.dir/home/orin/inertial-sense-sdk/src/convert_ins.cpp.o[0m
[ 43%] [32mBuilding C object CMakeFiles/talker.dir/home/orin/inertial-sense-sdk/src/data_sets.c.o[0m
[ 44%] [32mBuilding CXX object CMakeFiles/talker.dir/home/orin/inertial-sense-sdk/src/filters.cpp.o[0m
[ 45%] [32mBuilding C object CMakeFiles/talker.dir/home/orin/inertial-sense-sdk/src/linked_list.c.o[0m
[ 46%] [32mBuilding C object CMakeFiles/talker.dir/home/orin/inertial-sense-sdk/src/ihex.c.o[0m
[ 47%] [32mBuilding CXX object CMakeFiles/talker.dir/home/orin/inertial-sense-sdk/src/message_stats.cpp.o[0m
[ 48%] [32mBuilding CXX object CMakeFiles/talker.dir/home/orin/inertial-sense-sdk/src/protocol_nmea.cpp.o[0m
[ 49%] [32mBuilding C object CMakeFiles/talker.dir/home/orin/inertial-sense-sdk/src/ring_buffer.c.o[0m
[ 50%] [32mBuilding C object CMakeFiles/talker.dir/home/orin/inertial-sense-sdk/src/serialPort.c.o[0m
[ 51%] [32mBuilding C object CMakeFiles/talker.dir/home/orin/inertial-sense-sdk/src/serialPortPlatform.c.o[0m
[ 52%] [32mBuilding CXX object CMakeFiles/talker.dir/home/orin/inertial-sense-sdk/src/statistics.cpp.o[0m
[ 53%] [32mBuilding C object CMakeFiles/talker.dir/home/orin/inertial-sense-sdk/src/time_conversion.c.o[0m
[ 54%] [32mBuilding CXX object CMakeFiles/talker.dir/home/orin/inertial-sense-sdk/src/tinystr.cpp.o[0m
[ 55%] [32mBuilding CXX object CMakeFiles/talker.dir/home/orin/inertial-sense-sdk/src/tinyxmlerror.cpp.o[0m
[ 56%] [32mBuilding CXX object CMakeFiles/talker.dir/home/orin/inertial-sense-sdk/src/tinyxml.cpp.o[0m
[ 57%] [32mBuilding CXX object CMakeFiles/talker.dir/home/orin/inertial-sense-sdk/src/tinyxmlparser.cpp.o[0m
[ 58%] [32mBuilding CXX object CMakeFiles/talker.dir/home/orin/inertial-sense-sdk/src/yaml-cpp/binary.cpp.o[0m
[ 59%] [32mBuilding CXX object CMakeFiles/talker.dir/home/orin/inertial-sense-sdk/src/yaml-cpp/contrib/graphbuilder.cpp.o[0m
[ 60%] [32mBuilding CXX object CMakeFiles/talker.dir/home/orin/inertial-sense-sdk/src/yaml-cpp/contrib/graphbuilderadapter.cpp.o[0m
[ 61%] [32mBuilding CXX object CMakeFiles/talker.dir/home/orin/inertial-sense-sdk/src/yaml-cpp/convert.cpp.o[0m
[ 62%] [32mBuilding CXX object CMakeFiles/talker.dir/home/orin/inertial-sense-sdk/src/yaml-cpp/depthguard.cpp.o[0m
[ 63%] [32mBuilding CXX object CMakeFiles/talker.dir/home/orin/inertial-sense-sdk/src/yaml-cpp/directives.cpp.o[0m
[ 64%] [32mBuilding CXX object CMakeFiles/talker.dir/home/orin/inertial-sense-sdk/src/yaml-cpp/emit.cpp.o[0m
[ 65%] [32mBuilding CXX object CMakeFiles/talker.dir/home/orin/inertial-sense-sdk/src/yaml-cpp/emitfromevents.cpp.o[0m
[ 66%] [32mBuilding CXX object CMakeFiles/talker.dir/home/orin/inertial-sense-sdk/src/yaml-cpp/emitter.cpp.o[0m
[ 67%] [32mBuilding CXX object CMakeFiles/talker.dir/home/orin/inertial-sense-sdk/src/yaml-cpp/emitterstate.cpp.o[0m
[ 68%] [32mBuilding CXX object CMakeFiles/talker.dir/home/orin/inertial-sense-sdk/src/yaml-cpp/emitterutils.cpp.o[0m
[ 69%] [32mBuilding CXX object CMakeFiles/talker.dir/home/orin/inertial-sense-sdk/src/yaml-cpp/exceptions.cpp.o[0m
[ 70%] [32mBuilding CXX object CMakeFiles/talker.dir/home/orin/inertial-sense-sdk/src/yaml-cpp/exp.cpp.o[0m
[ 71%] [32mBuilding CXX object CMakeFiles/talker.dir/home/orin/inertial-sense-sdk/src/yaml-cpp/node.cpp.o[0m
[ 72%] [32mBuilding CXX object CMakeFiles/talker.dir/home/orin/inertial-sense-sdk/src/yaml-cpp/node_data.cpp.o[0m
[ 73%] [32mBuilding CXX object CMakeFiles/talker.dir/home/orin/inertial-sense-sdk/src/yaml-cpp/memory.cpp.o[0m
[ 74%] [32mBuilding CXX object CMakeFiles/talker.dir/home/orin/inertial-sense-sdk/src/yaml-cpp/nodebuilder.cpp.o[0m
[ 75%] [32mBuilding CXX object CMakeFiles/talker.dir/home/orin/inertial-sense-sdk/src/yaml-cpp/nodeevents.cpp.o[0m
[ 76%] [32mBuilding CXX object CMakeFiles/talker.dir/home/orin/inertial-sense-sdk/src/yaml-cpp/null.cpp.o[0m
[ 77%] [32mBuilding CXX object CMakeFiles/talker.dir/home/orin/inertial-sense-sdk/src/yaml-cpp/ostream_wrapper.cpp.o[0m
[ 78%] [32mBuilding CXX object CMakeFiles/talker.dir/home/orin/inertial-sense-sdk/src/yaml-cpp/parse.cpp.o[0m
[ 79%] [32mBuilding CXX object CMakeFiles/talker.dir/home/orin/inertial-sense-sdk/src/yaml-cpp/parser.cpp.o[0m
[ 80%] [32mBuilding CXX object CMakeFiles/talker.dir/home/orin/inertial-sense-sdk/src/yaml-cpp/regex_yaml.cpp.o[0m
[ 81%] [32mBuilding CXX object CMakeFiles/talker.dir/home/orin/inertial-sense-sdk/src/yaml-cpp/scanner.cpp.o[0m
[ 82%] [32mBuilding CXX object CMakeFiles/talker.dir/home/orin/inertial-sense-sdk/src/yaml-cpp/scanscalar.cpp.o[0m
[ 83%] [32mBuilding CXX object CMakeFiles/talker.dir/home/orin/inertial-sense-sdk/src/yaml-cpp/scantag.cpp.o[0m
[ 84%] [32mBuilding CXX object CMakeFiles/talker.dir/home/orin/inertial-sense-sdk/src/yaml-cpp/scantoken.cpp.o[0m
[ 85%] [32mBuilding CXX object CMakeFiles/talker.dir/home/orin/inertial-sense-sdk/src/yaml-cpp/simplekey.cpp.o[0m
[ 86%] [32mBuilding CXX object CMakeFiles/talker.dir/home/orin/inertial-sense-sdk/src/yaml-cpp/singledocparser.cpp.o[0m
[ 87%] [32mBuilding CXX object CMakeFiles/talker.dir/home/orin/inertial-sense-sdk/src/yaml-cpp/stream.cpp.o[0m
[ 88%] [32mBuilding CXX object CMakeFiles/talker.dir/home/orin/inertial-sense-sdk/src/yaml-cpp/tag.cpp.o[0m
[ 89%] [32mBuilding C object CMakeFiles/talker.dir/home/orin/inertial-sense-sdk/src/libusb/libusb/core.c.o[0m
[ 90%] [32mBuilding C object CMakeFiles/talker.dir/home/orin/inertial-sense-sdk/src/libusb/libusb/descriptor.c.o[0m
[ 91%] [32mBuilding C object CMakeFiles/talker.dir/home/orin/inertial-sense-sdk/src/libusb/libusb/hotplug.c.o[0m
[ 92%] [32mBuilding C object CMakeFiles/talker.dir/home/orin/inertial-sense-sdk/src/libusb/libusb/io.c.o[0m
[ 93%] [32mBuilding C object CMakeFiles/talker.dir/home/orin/inertial-sense-sdk/src/libusb/libusb/os/events_posix.c.o[0m
[ 94%] [32mBuilding C object CMakeFiles/talker.dir/home/orin/inertial-sense-sdk/src/libusb/libusb/os/linux_netlink.c.o[0m
[ 95%] [32mBuilding C object CMakeFiles/talker.dir/home/orin/inertial-sense-sdk/src/libusb/libusb/os/linux_udev.c.o[0m
[ 96%] [32mBuilding C object CMakeFiles/talker.dir/home/orin/inertial-sense-sdk/src/libusb/libusb/os/linux_usbfs.c.o[0m
[ 97%] [32mBuilding C object CMakeFiles/talker.dir/home/orin/inertial-sense-sdk/src/libusb/libusb/strerror.c.o[0m
[ 98%] [32mBuilding C object CMakeFiles/talker.dir/home/orin/inertial-sense-sdk/src/libusb/libusb/os/threads_posix.c.o[0m
[ 99%] [32mBuilding C object CMakeFiles/talker.dir/home/orin/inertial-sense-sdk/src/libusb/libusb/sync.c.o[0m
[100%] [32m[1mLinking CXX executable talker[0m
[100%] Built target talker
-- Install configuration: ""
-- Installing: /home/orin/is_ws/install/cpp_pubsub/lib/cpp_pubsub/talker
-- Set runtime path of "/home/orin/is_ws/install/cpp_pubsub/lib/cpp_pubsub/talker" to ""
-- Installing: /home/orin/is_ws/install/cpp_pubsub/share/ament_index/resource_index/package_run_dependencies/cpp_pubsub
-- Installing: /home/orin/is_ws/install/cpp_pubsub/share/ament_index/resource_index/parent_prefix_path/cpp_pubsub
-- Installing: /home/orin/is_ws/install/cpp_pubsub/share/cpp_pubsub/environment/ament_prefix_path.sh
-- Installing: /home/orin/is_ws/install/cpp_pubsub/share/cpp_pubsub/environment/ament_prefix_path.dsv
-- Installing: /home/orin/is_ws/install/cpp_pubsub/share/cpp_pubsub/environment/path.sh
-- Installing: /home/orin/is_ws/install/cpp_pubsub/share/cpp_pubsub/environment/path.dsv
-- Installing: /home/orin/is_ws/install/cpp_pubsub/share/cpp_pubsub/local_setup.bash
-- Installing: /home/orin/is_ws/install/cpp_pubsub/share/cpp_pubsub/local_setup.sh
-- Installing: /home/orin/is_ws/install/cpp_pubsub/share/cpp_pubsub/local_setup.zsh
-- Installing: /home/orin/is_ws/install/cpp_pubsub/share/cpp_pubsub/local_setup.dsv
-- Installing: /home/orin/is_ws/install/cpp_pubsub/share/cpp_pubsub/package.dsv
-- Installing: /home/orin/is_ws/install/cpp_pubsub/share/ament_index/resource_index/packages/cpp_pubsub
-- Installing: /home/orin/is_ws/install/cpp_pubsub/share/cpp_pubsub/cmake/cpp_pubsubConfig.cmake
-- Installing: /home/orin/is_ws/install/cpp_pubsub/share/cpp_pubsub/cmake/cpp_pubsubConfig-version.cmake
-- Installing: /home/orin/is_ws/install/cpp_pubsub/share/cpp_pubsub/package.xml
